# JRE version: OpenJDK Runtime Environment Temurin-21.0.9+10 (21.0.9+10) (build 21.0.9+10-LTS)
# Java VM: OpenJDK 64-Bit Server VM Temurin-21.0.9+10 (21.0.9+10-LTS, mixed mode, sharing, tiered, compressed oops, compressed class ptrs, parallel gc, windows-amd64)
GC Precious Log:
 CardTable entry size: 512
 CPUs: 16 total, 16 available
 Memory: 16108M
 Large Page Support: Disabled
 NUMA Support: Disabled
 Compressed Oops: Enabled (32-bit)
 Alignments: Space 512K, Generation 512K, Heap 2M
 Heap Min Capacity: 100M
 Heap Initial Capacity: 100M
 Heap Max Capacity: 2G
 Pre-touch: Disabled
 Parallel Workers: 13
Heap:
 PSYoungGen      total 1536K, used 820K [0x00000000d5580000, 0x00000000d5880000, 0x0000000100000000)
  eden space 1024K, 39% used [0x00000000d5580000,0x00000000d55e5238,0x00000000d5680000)
  from space 512K, 81% used [0x00000000d5800000,0x00000000d5868000,0x00000000d5880000)
  to   space 512K, 0% used [0x00000000d5780000,0x00000000d5780000,0x00000000d5800000)
 ParOldGen       total 599040K, used 598929K [0x0000000080000000, 0x00000000a4900000, 0x00000000d5580000)
  object space 599040K, 99% used [0x0000000080000000,0x00000000a48e4430,0x00000000a4900000)
 Metaspace       used 68898K, committed 70400K, reserved 1114112K
  class space    used 7021K, committed 7680K, reserved 1048576K
GC Heap History (20 events):
Event: 76.849 GC heap before
{Heap before GC invocations=1697 (full 3):
 PSYoungGen      total 2560K, used 2407K [0x00000000d5580000, 0x00000000d5980000, 0x0000000100000000)
  eden space 2048K, 93% used [0x00000000d5580000,0x00000000d575cfc0,0x00000000d5780000)
  from space 512K, 97% used [0x00000000d5800000,0x00000000d587ce90,0x00000000d5880000)
  to   space 1024K, 0% used [0x00000000d5880000,0x00000000d5880000,0x00000000d5980000)
 ParOldGen       total 595456K, used 595194K [0x0000000080000000, 0x00000000a4580000, 0x00000000d5580000)
  object space 595456K, 99% used [0x0000000080000000,0x00000000a453e870,0x00000000a4580000)
 Metaspace       used 68895K, committed 70400K, reserved 1114112K
  class space    used 7021K, committed 7680K, reserved 1048576K
}
Event: 76.850 GC heap after
{Heap after GC invocations=1697 (full 3):
 PSYoungGen      total 2560K, used 224K [0x00000000d5580000, 0x00000000d5900000, 0x0000000100000000)
  eden space 2048K, 0% used [0x00000000d5580000,0x00000000d5580000,0x00000000d5780000)
  from space 512K, 43% used [0x00000000d5880000,0x00000000d58b8000,0x00000000d5900000)
  to   space 512K, 0% used [0x00000000d5800000,0x00000000d5800000,0x00000000d5880000)
 ParOldGen       total 595456K, used 595266K [0x0000000080000000, 0x00000000a4580000, 0x00000000d5580000)
  object space 595456K, 99% used [0x0000000080000000,0x00000000a4550870,0x00000000a4580000)
 Metaspace       used 68895K, committed 70400K, reserved 1114112K
  class space    used 7021K, committed 7680K, reserved 1048576K
}
Event: 76.864 GC heap before
{Heap before GC invocations=1698 (full 3):
 PSYoungGen      total 2560K, used 2272K [0x00000000d5580000, 0x00000000d5900000, 0x0000000100000000)
  eden space 2048K, 100% used [0x00000000d5580000,0x00000000d5780000,0x00000000d5780000)
  from space 512K, 43% used [0x00000000d5880000,0x00000000d58b8000,0x00000000d5900000)
  to   space 512K, 0% used [0x00000000d5800000,0x00000000d5800000,0x00000000d5880000)
 ParOldGen       total 595456K, used 595266K [0x0000000080000000, 0x00000000a4580000, 0x00000000d5580000)
  object space 595456K, 99% used [0x0000000080000000,0x00000000a4550870,0x00000000a4580000)
 Metaspace       used 68895K, committed 70400K, reserved 1114112K
  class space    used 7021K, committed 7680K, reserved 1048576K
}
Event: 76.865 GC heap after
{Heap after GC invocations=1698 (full 3):
 PSYoungGen      total 2560K, used 491K [0x00000000d5580000, 0x00000000d5a80000, 0x0000000100000000)
  eden space 2048K, 0% used [0x00000000d5580000,0x00000000d5580000,0x00000000d5780000)
  from space 512K, 96% used [0x00000000d5800000,0x00000000d587af60,0x00000000d5880000)
  to   space 1536K, 0% used [0x00000000d5900000,0x00000000d5900000,0x00000000d5a80000)
 ParOldGen       total 596480K, used 596040K [0x0000000080000000, 0x00000000a4680000, 0x00000000d5580000)
  object space 596480K, 99% used [0x0000000080000000,0x00000000a46123c8,0x00000000a4680000)
 Metaspace       used 68895K, committed 70400K, reserved 1114112K
  class space    used 7021K, committed 7680K, reserved 1048576K
}
Event: 76.871 GC heap before
{Heap before GC invocations=1699 (full 3):
 PSYoungGen      total 2560K, used 2462K [0x00000000d5580000, 0x00000000d5a80000, 0x0000000100000000)
  eden space 2048K, 96% used [0x00000000d5580000,0x00000000d576ca80,0x00000000d5780000)
  from space 512K, 96% used [0x00000000d5800000,0x00000000d587af60,0x00000000d5880000)
  to   space 1536K, 0% used [0x00000000d5900000,0x00000000d5900000,0x00000000d5a80000)
 ParOldGen       total 596480K, used 596040K [0x0000000080000000, 0x00000000a4680000, 0x00000000d5580000)
  object space 596480K, 99% used [0x0000000080000000,0x00000000a46123c8,0x00000000a4680000)
 Metaspace       used 68895K, committed 70400K, reserved 1114112K
  class space    used 7021K, committed 7680K, reserved 1048576K
}
Event: 76.872 GC heap after
{Heap after GC invocations=1699 (full 3):
 PSYoungGen      total 2560K, used 1520K [0x00000000d5580000, 0x00000000d5c80000, 0x0000000100000000)
  eden space 1024K, 0% used [0x00000000d5580000,0x00000000d5580000,0x00000000d5680000)
  from space 1536K, 98% used [0x00000000d5900000,0x00000000d5a7c1c0,0x00000000d5a80000)
  to   space 2560K, 0% used [0x00000000d5680000,0x00000000d5680000,0x00000000d5900000)
 ParOldGen       total 596992K, used 596565K [0x0000000080000000, 0x00000000a4700000, 0x00000000d5580000)
  object space 596992K, 99% used [0x0000000080000000,0x00000000a4695410,0x00000000a4700000)
 Metaspace       used 68895K, committed 70400K, reserved 1114112K
  class space    used 7021K, committed 7680K, reserved 1048576K
}
Event: 76.886 GC heap before
{Heap before GC invocations=1700 (full 3):
 PSYoungGen      total 2560K, used 2526K [0x00000000d5580000, 0x00000000d5c80000, 0x0000000100000000)
  eden space 1024K, 98% used [0x00000000d5580000,0x00000000d567b880,0x00000000d5680000)
  from space 1536K, 98% used [0x00000000d5900000,0x00000000d5a7c1c0,0x00000000d5a80000)
  to   space 2560K, 0% used [0x00000000d5680000,0x00000000d5680000,0x00000000d5900000)
 ParOldGen       total 596992K, used 596565K [0x0000000080000000, 0x00000000a4700000, 0x00000000d5580000)
  object space 596992K, 99% used [0x0000000080000000,0x00000000a4695410,0x00000000a4700000)
 Metaspace       used 68895K, committed 70400K, reserved 1114112K
  class space    used 7021K, committed 7680K, reserved 1048576K
}
Event: 76.887 GC heap after
{Heap after GC invocations=1700 (full 3):
 PSYoungGen      total 1536K, used 224K [0x00000000d5580000, 0x00000000d5980000, 0x0000000100000000)
  eden space 1024K, 0% used [0x00000000d5580000,0x00000000d5580000,0x00000000d5680000)
  from space 512K, 43% used [0x00000000d5680000,0x00000000d56b8000,0x00000000d5700000)
  to   space 1024K, 0% used [0x00000000d5880000,0x00000000d5880000,0x00000000d5980000)
 ParOldGen       total 597504K, used 597461K [0x0000000080000000, 0x00000000a4780000, 0x00000000d5580000)
  object space 597504K, 99% used [0x0000000080000000,0x00000000a4775420,0x00000000a4780000)
 Metaspace       used 68895K, committed 70400K, reserved 1114112K
  class space    used 7021K, committed 7680K, reserved 1048576K
}
Event: 76.913 GC heap before
{Heap before GC invocations=1701 (full 3):
 PSYoungGen      total 1536K, used 1248K [0x00000000d5580000, 0x00000000d5980000, 0x0000000100000000)
  eden space 1024K, 100% used [0x00000000d5580000,0x00000000d5680000,0x00000000d5680000)
  from space 512K, 43% used [0x00000000d5680000,0x00000000d56b8000,0x00000000d5700000)
  to   space 1024K, 0% used [0x00000000d5880000,0x00000000d5880000,0x00000000d5980000)
 ParOldGen       total 597504K, used 597461K [0x0000000080000000, 0x00000000a4780000, 0x00000000d5580000)
  object space 597504K, 99% used [0x0000000080000000,0x00000000a4775420,0x00000000a4780000)
 Metaspace       used 68895K, committed 70400K, reserved 1114112K
  class space    used 7021K, committed 7680K, reserved 1048576K
}
Event: 76.914 GC heap after
{Heap after GC invocations=1701 (full 3):
 PSYoungGen      total 1536K, used 256K [0x00000000d5580000, 0x00000000d5900000, 0x0000000100000000)
  eden space 1024K, 0% used [0x00000000d5580000,0x00000000d5580000,0x00000000d5680000)
  from space 512K, 50% used [0x00000000d5880000,0x00000000d58c0000,0x00000000d5900000)
  to   space 512K, 0% used [0x00000000d5680000,0x00000000d5680000,0x00000000d5700000)
 ParOldGen       total 598016K, used 597541K [0x0000000080000000, 0x00000000a4800000, 0x00000000d5580000)
  object space 598016K, 99% used [0x0000000080000000,0x00000000a4789420,0x00000000a4800000)
 Metaspace       used 68895K, committed 70400K, reserved 1114112K
  class space    used 7021K, committed 7680K, reserved 1048576K
}
Event: 76.959 GC heap before
{Heap before GC invocations=1702 (full 3):
 PSYoungGen      total 1536K, used 1275K [0x00000000d5580000, 0x00000000d5900000, 0x0000000100000000)
  eden space 1024K, 99% used [0x00000000d5580000,0x00000000d567ed20,0x00000000d5680000)
  from space 512K, 50% used [0x00000000d5880000,0x00000000d58c0000,0x00000000d5900000)
  to   space 512K, 0% used [0x00000000d5680000,0x00000000d5680000,0x00000000d5700000)
 ParOldGen       total 598016K, used 597541K [0x0000000080000000, 0x00000000a4800000, 0x00000000d5580000)
  object space 598016K, 99% used [0x0000000080000000,0x00000000a4789420,0x00000000a4800000)
 Metaspace       used 68895K, committed 70400K, reserved 1114112K
  class space    used 7021K, committed 7680K, reserved 1048576K
}
Event: 76.961 GC heap after
{Heap after GC invocations=1702 (full 3):
 PSYoungGen      total 1536K, used 268K [0x00000000d5580000, 0x00000000d5900000, 0x0000000100000000)
  eden space 1024K, 0% used [0x00000000d5580000,0x00000000d5580000,0x00000000d5680000)
  from space 512K, 52% used [0x00000000d5680000,0x00000000d56c32a8,0x00000000d5700000)
  to   space 512K, 0% used [0x00000000d5880000,0x00000000d5880000,0x00000000d5900000)
 ParOldGen       total 598016K, used 597605K [0x0000000080000000, 0x00000000a4800000, 0x00000000d5580000)
  object space 598016K, 99% used [0x0000000080000000,0x00000000a4799420,0x00000000a4800000)
 Metaspace       used 68895K, committed 70400K, reserved 1114112K
  class space    used 7021K, committed 7680K, reserved 1048576K
}
Event: 76.988 GC heap before
{Heap before GC invocations=1703 (full 3):
 PSYoungGen      total 1536K, used 1292K [0x00000000d5580000, 0x00000000d5900000, 0x0000000100000000)
  eden space 1024K, 100% used [0x00000000d5580000,0x00000000d5680000,0x00000000d5680000)
  from space 512K, 52% used [0x00000000d5680000,0x00000000d56c32a8,0x00000000d5700000)
  to   space 512K, 0% used [0x00000000d5880000,0x00000000d5880000,0x00000000d5900000)
 ParOldGen       total 598016K, used 597605K [0x0000000080000000, 0x00000000a4800000, 0x00000000d5580000)
  object space 598016K, 99% used [0x0000000080000000,0x00000000a4799420,0x00000000a4800000)
 Metaspace       used 68895K, committed 70400K, reserved 1114112K
  class space    used 7021K, committed 7680K, reserved 1048576K
}
Event: 76.989 GC heap after
{Heap after GC invocations=1703 (full 3):
 PSYoungGen      total 1536K, used 224K [0x00000000d5580000, 0x00000000d5900000, 0x0000000100000000)
  eden space 1024K, 0% used [0x00000000d5580000,0x00000000d5580000,0x00000000d5680000)
  from space 512K, 43% used [0x00000000d5880000,0x00000000d58b8000,0x00000000d5900000)
  to   space 512K, 0% used [0x00000000d5680000,0x00000000d5680000,0x00000000d5700000)
 ParOldGen       total 598016K, used 597685K [0x0000000080000000, 0x00000000a4800000, 0x00000000d5580000)
  object space 598016K, 99% used [0x0000000080000000,0x00000000a47ad420,0x00000000a4800000)
 Metaspace       used 68895K, committed 70400K, reserved 1114112K
  class space    used 7021K, committed 7680K, reserved 1048576K
}
Event: 77.460 GC heap before
{Heap before GC invocations=1704 (full 3):
 PSYoungGen      total 1536K, used 1246K [0x00000000d5580000, 0x00000000d5900000, 0x0000000100000000)
  eden space 1024K, 99% used [0x00000000d5580000,0x00000000d567fac0,0x00000000d5680000)
  from space 512K, 43% used [0x00000000d5880000,0x00000000d58b8000,0x00000000d5900000)
  to   space 512K, 0% used [0x00000000d5680000,0x00000000d5680000,0x00000000d5700000)
 ParOldGen       total 598016K, used 597685K [0x0000000080000000, 0x00000000a4800000, 0x00000000d5580000)
  object space 598016K, 99% used [0x0000000080000000,0x00000000a47ad420,0x00000000a4800000)
 Metaspace       used 68895K, committed 70400K, reserved 1114112K
  class space    used 7021K, committed 7680K, reserved 1048576K
}
Event: 77.461 GC heap after
{Heap after GC invocations=1704 (full 3):
 PSYoungGen      total 1536K, used 320K [0x00000000d5580000, 0x00000000d5900000, 0x0000000100000000)
  eden space 1024K, 0% used [0x00000000d5580000,0x00000000d5580000,0x00000000d5680000)
  from space 512K, 62% used [0x00000000d5680000,0x00000000d56d0000,0x00000000d5700000)
  to   space 512K, 0% used [0x00000000d5880000,0x00000000d5880000,0x00000000d5900000)
 ParOldGen       total 598016K, used 597773K [0x0000000080000000, 0x00000000a4800000, 0x00000000d5580000)
  object space 598016K, 99% used [0x0000000080000000,0x00000000a47c3420,0x00000000a4800000)
 Metaspace       used 68895K, committed 70400K, reserved 1114112K
  class space    used 7021K, committed 7680K, reserved 1048576K
}
Event: 77.797 GC heap before
{Heap before GC invocations=1705 (full 3):
 PSYoungGen      total 1536K, used 1344K [0x00000000d5580000, 0x00000000d5900000, 0x0000000100000000)
  eden space 1024K, 100% used [0x00000000d5580000,0x00000000d5680000,0x00000000d5680000)
  from space 512K, 62% used [0x00000000d5680000,0x00000000d56d0000,0x00000000d5700000)
  to   space 512K, 0% used [0x00000000d5880000,0x00000000d5880000,0x00000000d5900000)
 ParOldGen       total 598016K, used 597773K [0x0000000080000000, 0x00000000a4800000, 0x00000000d5580000)
  object space 598016K, 99% used [0x0000000080000000,0x00000000a47c3420,0x00000000a4800000)
 Metaspace       used 68895K, committed 70400K, reserved 1114112K
  class space    used 7021K, committed 7680K, reserved 1048576K
}
Event: 77.798 GC heap after
{Heap after GC invocations=1705 (full 3):
 PSYoungGen      total 1536K, used 256K [0x00000000d5580000, 0x00000000d5900000, 0x0000000100000000)
  eden space 1024K, 0% used [0x00000000d5580000,0x00000000d5580000,0x00000000d5680000)
  from space 512K, 50% used [0x00000000d5880000,0x00000000d58c0000,0x00000000d5900000)
  to   space 512K, 0% used [0x00000000d5680000,0x00000000d5680000,0x00000000d5700000)
 ParOldGen       total 598016K, used 597829K [0x0000000080000000, 0x00000000a4800000, 0x00000000d5580000)
  object space 598016K, 99% used [0x0000000080000000,0x00000000a47d1420,0x00000000a4800000)
 Metaspace       used 68895K, committed 70400K, reserved 1114112K
  class space    used 7021K, committed 7680K, reserved 1048576K
}
Event: 77.850 GC heap before
{Heap before GC invocations=1706 (full 3):
 PSYoungGen      total 1536K, used 1280K [0x00000000d5580000, 0x00000000d5900000, 0x0000000100000000)
  eden space 1024K, 100% used [0x00000000d5580000,0x00000000d5680000,0x00000000d5680000)
  from space 512K, 50% used [0x00000000d5880000,0x00000000d58c0000,0x00000000d5900000)
  to   space 512K, 0% used [0x00000000d5680000,0x00000000d5680000,0x00000000d5700000)
 ParOldGen       total 598016K, used 597829K [0x0000000080000000, 0x00000000a4800000, 0x00000000d5580000)
  object space 598016K, 99% used [0x0000000080000000,0x00000000a47d1420,0x00000000a4800000)
 Metaspace       used 68895K, committed 70400K, reserved 1114112K
  class space    used 7021K, committed 7680K, reserved 1048576K
}
Event: 77.851 GC heap after
{Heap after GC invocations=1706 (full 3):
 PSYoungGen      total 1536K, used 384K [0x00000000d5580000, 0x00000000d5900000, 0x0000000100000000)
  eden space 1024K, 0% used [0x00000000d5580000,0x00000000d5580000,0x00000000d5680000)
  from space 512K, 75% used [0x00000000d5680000,0x00000000d56e0000,0x00000000d5700000)
  to   space 512K, 0% used [0x00000000d5880000,0x00000000d5880000,0x00000000d5900000)
 ParOldGen       total 598016K, used 597861K [0x0000000080000000, 0x00000000a4800000, 0x00000000d5580000)
  object space 598016K, 99% used [0x0000000080000000,0x00000000a47d9420,0x00000000a4800000)
 Metaspace       used 68895K, committed 70400K, reserved 1114112K
  class space    used 7021K, committed 7680K, reserved 1048576K
}

