# JRE version: Java(TM) SE Runtime Environment (17.0.12+8) (build 17.0.12+8-LTS-286)
# Java VM: Java HotSpot(TM) 64-Bit Server VM (17.0.12+8-LTS-286, mixed mode, sharing, tiered, compressed oops, compressed class ptrs, g1 gc, windows-amd64)
GC Precious Log:
 CPUs: 16 total, 16 available
 Memory: 16108M
 Large Page Support: Disabled
 NUMA Support: Disabled
 Compressed Oops: Enabled (Zero based)
 Heap Region Size: 2M
 Heap Min Capacity: 8M
 Heap Initial Capacity: 252M
 Heap Max Capacity: 4028M
 Pre-touch: Disabled
 Parallel Workers: 13
 Concurrent Workers: 3
 Concurrent Refinement Workers: 13
 Periodic GC: Disabled
Heap:
 garbage-first heap   total 137216K, used 87192K [0x0000000704400000, 0x0000000800000000)
  region size 2048K, 26 young (53248K), 3 survivors (6144K)
 Metaspace       used 67877K, committed 68352K, reserved 1114112K
  class space    used 8360K, committed 8576K, reserved 1048576K
GC Heap History (20 events):
Event: 6.668 GC heap before
{Heap before GC invocations=10 (full 0):
 garbage-first heap   total 102400K, used 76318K [0x0000000704400000, 0x0000000800000000)
  region size 2048K, 30 young (61440K), 2 survivors (4096K)
 Metaspace       used 33328K, committed 33600K, reserved 1114112K
  class space    used 3912K, committed 4096K, reserved 1048576K
}
Event: 6.674 GC heap after
{Heap after GC invocations=11 (full 0):
 garbage-first heap   total 102400K, used 23922K [0x0000000704400000, 0x0000000800000000)
  region size 2048K, 3 young (6144K), 3 survivors (6144K)
 Metaspace       used 33328K, committed 33600K, reserved 1114112K
  class space    used 3912K, committed 4096K, reserved 1048576K
}
Event: 7.231 GC heap before
{Heap before GC invocations=11 (full 0):
 garbage-first heap   total 102400K, used 50546K [0x0000000704400000, 0x0000000800000000)
  region size 2048K, 17 young (34816K), 3 survivors (6144K)
 Metaspace       used 35735K, committed 35968K, reserved 1114112K
  class space    used 4229K, committed 4352K, reserved 1048576K
}
Event: 7.238 GC heap after
{Heap after GC invocations=12 (full 0):
 garbage-first heap   total 102400K, used 25842K [0x0000000704400000, 0x0000000800000000)
  region size 2048K, 3 young (6144K), 3 survivors (6144K)
 Metaspace       used 35735K, committed 35968K, reserved 1114112K
  class space    used 4229K, committed 4352K, reserved 1048576K
}
Event: 8.171 GC heap before
{Heap before GC invocations=13 (full 0):
 garbage-first heap   total 96256K, used 77042K [0x0000000704400000, 0x0000000800000000)
  region size 2048K, 28 young (57344K), 3 survivors (6144K)
 Metaspace       used 38180K, committed 38464K, reserved 1114112K
  class space    used 4499K, committed 4672K, reserved 1048576K
}
Event: 8.181 GC heap after
{Heap after GC invocations=14 (full 0):
 garbage-first heap   total 96256K, used 27743K [0x0000000704400000, 0x0000000800000000)
  region size 2048K, 2 young (4096K), 2 survivors (4096K)
 Metaspace       used 38180K, committed 38464K, reserved 1114112K
  class space    used 4499K, committed 4672K, reserved 1048576K
}
Event: 8.240 GC heap before
{Heap before GC invocations=14 (full 0):
 garbage-first heap   total 96256K, used 29791K [0x0000000704400000, 0x0000000800000000)
  region size 2048K, 3 young (6144K), 2 survivors (4096K)
 Metaspace       used 38476K, committed 38720K, reserved 1114112K
  class space    used 4536K, committed 4672K, reserved 1048576K
}
Event: 8.249 GC heap after
{Heap after GC invocations=15 (full 0):
 garbage-first heap   total 96256K, used 28388K [0x0000000704400000, 0x0000000800000000)
  region size 2048K, 1 young (2048K), 1 survivors (2048K)
 Metaspace       used 38476K, committed 38720K, reserved 1114112K
  class space    used 4536K, committed 4672K, reserved 1048576K
}
Event: 9.015 GC heap before
{Heap before GC invocations=15 (full 0):
 garbage-first heap   total 96256K, used 75492K [0x0000000704400000, 0x0000000800000000)
  region size 2048K, 24 young (49152K), 1 survivors (2048K)
 Metaspace       used 42242K, committed 42624K, reserved 1114112K
  class space    used 4991K, committed 5184K, reserved 1048576K
}
Event: 9.022 GC heap after
{Heap after GC invocations=16 (full 0):
 garbage-first heap   total 137216K, used 29557K [0x0000000704400000, 0x0000000800000000)
  region size 2048K, 1 young (2048K), 1 survivors (2048K)
 Metaspace       used 42242K, committed 42624K, reserved 1114112K
  class space    used 4991K, committed 5184K, reserved 1048576K
}
Event: 10.036 GC heap before
{Heap before GC invocations=16 (full 0):
 garbage-first heap   total 137216K, used 109429K [0x0000000704400000, 0x0000000800000000)
  region size 2048K, 40 young (81920K), 1 survivors (2048K)
 Metaspace       used 45017K, committed 45376K, reserved 1114112K
  class space    used 5384K, committed 5568K, reserved 1048576K
}
Event: 10.042 GC heap after
{Heap after GC invocations=17 (full 0):
 garbage-first heap   total 137216K, used 32359K [0x0000000704400000, 0x0000000800000000)
  region size 2048K, 3 young (6144K), 3 survivors (6144K)
 Metaspace       used 45017K, committed 45376K, reserved 1114112K
  class space    used 5384K, committed 5568K, reserved 1048576K
}
Event: 11.275 GC heap before
{Heap before GC invocations=17 (full 0):
 garbage-first heap   total 137216K, used 108135K [0x0000000704400000, 0x0000000800000000)
  region size 2048K, 40 young (81920K), 3 survivors (6144K)
 Metaspace       used 52094K, committed 52480K, reserved 1114112K
  class space    used 6374K, committed 6592K, reserved 1048576K
}
Event: 11.284 GC heap after
{Heap after GC invocations=18 (full 0):
 garbage-first heap   total 137216K, used 34726K [0x0000000704400000, 0x0000000800000000)
  region size 2048K, 4 young (8192K), 4 survivors (8192K)
 Metaspace       used 52094K, committed 52480K, reserved 1114112K
  class space    used 6374K, committed 6592K, reserved 1048576K
}
Event: 12.711 GC heap before
{Heap before GC invocations=18 (full 0):
 garbage-first heap   total 137216K, used 108454K [0x0000000704400000, 0x0000000800000000)
  region size 2048K, 40 young (81920K), 4 survivors (8192K)
 Metaspace       used 56262K, committed 56640K, reserved 1114112K
  class space    used 7008K, committed 7232K, reserved 1048576K
}
Event: 12.724 GC heap after
{Heap after GC invocations=19 (full 0):
 garbage-first heap   total 137216K, used 38305K [0x0000000704400000, 0x0000000800000000)
  region size 2048K, 5 young (10240K), 5 survivors (10240K)
 Metaspace       used 56262K, committed 56640K, reserved 1114112K
  class space    used 7008K, committed 7232K, reserved 1048576K
}
Event: 13.700 GC heap before
{Heap before GC invocations=19 (full 0):
 garbage-first heap   total 137216K, used 109985K [0x0000000704400000, 0x0000000800000000)
  region size 2048K, 40 young (81920K), 5 survivors (10240K)
 Metaspace       used 58589K, committed 59008K, reserved 1114112K
  class space    used 7288K, committed 7488K, reserved 1048576K
}
Event: 13.715 GC heap after
{Heap after GC invocations=20 (full 0):
 garbage-first heap   total 137216K, used 41151K [0x0000000704400000, 0x0000000800000000)
  region size 2048K, 4 young (8192K), 4 survivors (8192K)
 Metaspace       used 58589K, committed 59008K, reserved 1114112K
  class space    used 7288K, committed 7488K, reserved 1048576K
}
Event: 13.983 GC heap before
{Heap before GC invocations=20 (full 0):
 garbage-first heap   total 137216K, used 55487K [0x0000000704400000, 0x0000000800000000)
  region size 2048K, 12 young (24576K), 4 survivors (8192K)
 Metaspace       used 59707K, committed 60096K, reserved 1114112K
  class space    used 7408K, committed 7616K, reserved 1048576K
}
Event: 13.992 GC heap after
{Heap after GC invocations=21 (full 0):
 garbage-first heap   total 137216K, used 42136K [0x0000000704400000, 0x0000000800000000)
  region size 2048K, 3 young (6144K), 3 survivors (6144K)
 Metaspace       used 59707K, committed 60096K, reserved 1114112K
  class space    used 7408K, committed 7616K, reserved 1048576K
}

